<?xml version="1.0" encoding="UTF-8"?>
<testsuite xmlns:xsi="http://www.w3.org/2001/XMLSchema-instance" xsi:noNamespaceSchemaLocation="https://maven.apache.org/surefire/maven-surefire-plugin/xsd/surefire-test-report.xsd" version="3.0.1" name="org.univ_paris8.iut.montreuil.qdev.tp2025.gr03.jeuQuizz.AppTest" time="0.127" tests="4" errors="0" skipped="0" failures="0">
  <properties>
[...]
</properties>
  <testcase name="shouldAnswerWithTrue" classname="org.univ_paris8.iut.montreuil.qdev.tp2025.gr03.jeuQuizz.AppTest" time="0.036"/>
  <testcase name="ajouterJoueurTestok" classname="org.univ_paris8.iut.montreuil.qdev.tp2025.gr03.jeuQuizz.AppTest" time="0.008"/>
  <testcase name="pseudoJoueurExistantTestok" classname="org.univ_paris8.iut.montreuil.qdev.tp2025.gr03.jeuQuizz.AppTest" time="0.006"/>
  <testcase name="centreDinteretInvalideTestok" classname="org.univ_paris8.iut.montreuil.qdev.tp2025.gr03.jeuQuizz.AppTest" time="0.001"/>
</testsuite>